This is pdfTeX, Version 3.14159265-2.6-1.40.18 (TeX Live 2017/Debian) (preloaded format=pdflatex 2020.9.15)  16 OCT 2020 06:05
entering extended mode
 restricted \write18 enabled.
 %&-line parsing enabled.
**report.tex
(./report.tex
LaTeX2e <2017-04-15>
Babel <3.18> and hyphenation patterns for 3 language(s) loaded.
(/usr/share/texlive/texmf-dist/tex/latex/base/article.cls
Document Class: article 2014/09/29 v1.4h Standard LaTeX document class
(/usr/share/texlive/texmf-dist/tex/latex/base/size10.clo
File: size10.clo 2014/09/29 v1.4h Standard LaTeX file (size option)
)
\c@part=\count79
\c@section=\count80
\c@subsection=\count81
\c@subsubsection=\count82
\c@paragraph=\count83
\c@subparagraph=\count84
\c@figure=\count85
\c@table=\count86
\abovecaptionskip=\skip41
\belowcaptionskip=\skip42
\bibindent=\dimen102
)
(/usr/share/texlive/texmf-dist/tex/latex/graphics/graphicx.sty
Package: graphicx 2017/06/01 v1.1a Enhanced LaTeX Graphics (DPC,SPQR)

(/usr/share/texlive/texmf-dist/tex/latex/graphics/keyval.sty
Package: keyval 2014/10/28 v1.15 key=value parser (DPC)
\KV@toks@=\toks14
)
(/usr/share/texlive/texmf-dist/tex/latex/graphics/graphics.sty
Package: graphics 2017/06/25 v1.2c Standard LaTeX Graphics (DPC,SPQR)

(/usr/share/texlive/texmf-dist/tex/latex/graphics/trig.sty
Package: trig 2016/01/03 v1.10 sin cos tan (DPC)
)
(/usr/share/texlive/texmf-dist/tex/latex/graphics-cfg/graphics.cfg
File: graphics.cfg 2016/06/04 v1.11 sample graphics configuration
)
Package graphics Info: Driver file: pdftex.def on input line 99.

(/usr/share/texlive/texmf-dist/tex/latex/graphics-def/pdftex.def
File: pdftex.def 2018/01/08 v1.0l Graphics/color driver for pdftex
))
\Gin@req@height=\dimen103
\Gin@req@width=\dimen104
)
(/usr/share/texlive/texmf-dist/tex/latex/listings/listings.sty
\lst@mode=\count87
\lst@gtempboxa=\box26
\lst@token=\toks15
\lst@length=\count88
\lst@currlwidth=\dimen105
\lst@column=\count89
\lst@pos=\count90
\lst@lostspace=\dimen106
\lst@width=\dimen107
\lst@newlines=\count91
\lst@lineno=\count92
\lst@maxwidth=\dimen108

(/usr/share/texlive/texmf-dist/tex/latex/listings/lstmisc.sty
File: lstmisc.sty 2015/06/04 1.6 (Carsten Heinz)
\c@lstnumber=\count93
\lst@skipnumbers=\count94
\lst@framebox=\box27
)
(/usr/share/texlive/texmf-dist/tex/latex/listings/listings.cfg
File: listings.cfg 2015/06/04 1.6 listings configuration
))
Package: listings 2015/06/04 1.6 (Carsten Heinz)
 (./report.aux
(./introduction.aux

LaTeX Warning: Label `lst:code_direct' multiply defined.

) (./part2.aux

LaTeX Warning: Label `lst:code_direct' multiply defined.


LaTeX Warning: Label `lst:code_direct' multiply defined.


LaTeX Warning: Label `lst:code_direct' multiply defined.

) (./part3.aux

LaTeX Warning: Label `lst:code_direct' multiply defined.


LaTeX Warning: Label `lst:code_direct' multiply defined.


LaTeX Warning: Label `lst:code_direct' multiply defined.


LaTeX Warning: Label `lst:code_direct' multiply defined.

) (./part4.aux

LaTeX Warning: Label `lst:code_direct' multiply defined.


LaTeX Warning: Label `lst:code_direct' multiply defined.

) (./bibliography.aux))
\openout1 = `report.aux'.

LaTeX Font Info:    Checking defaults for OML/cmm/m/it on input line 15.
LaTeX Font Info:    ... okay on input line 15.
LaTeX Font Info:    Checking defaults for T1/cmr/m/n on input line 15.
LaTeX Font Info:    ... okay on input line 15.
LaTeX Font Info:    Checking defaults for OT1/cmr/m/n on input line 15.
LaTeX Font Info:    ... okay on input line 15.
LaTeX Font Info:    Checking defaults for OMS/cmsy/m/n on input line 15.
LaTeX Font Info:    ... okay on input line 15.
LaTeX Font Info:    Checking defaults for OMX/cmex/m/n on input line 15.
LaTeX Font Info:    ... okay on input line 15.
LaTeX Font Info:    Checking defaults for U/cmr/m/n on input line 15.
LaTeX Font Info:    ... okay on input line 15.

(/usr/share/texlive/texmf-dist/tex/context/base/mkii/supp-pdf.mkii
[Loading MPS to PDF converter (version 2006.09.02).]
\scratchcounter=\count95
\scratchdimen=\dimen109
\scratchbox=\box28
\nofMPsegments=\count96
\nofMParguments=\count97
\everyMPshowfont=\toks16
\MPscratchCnt=\count98
\MPscratchDim=\dimen110
\MPnumerator=\count99
\makeMPintoPDFobject=\count100
\everyMPtoPDFconversion=\toks17
) (/usr/share/texlive/texmf-dist/tex/latex/oberdiek/epstopdf-base.sty
Package: epstopdf-base 2016/05/15 v2.6 Base part for package epstopdf

(/usr/share/texlive/texmf-dist/tex/generic/oberdiek/infwarerr.sty
Package: infwarerr 2016/05/16 v1.4 Providing info/warning/error messages (HO)
)
(/usr/share/texlive/texmf-dist/tex/latex/oberdiek/grfext.sty
Package: grfext 2016/05/16 v1.2 Manage graphics extensions (HO)

(/usr/share/texlive/texmf-dist/tex/generic/oberdiek/kvdefinekeys.sty
Package: kvdefinekeys 2016/05/16 v1.4 Define keys (HO)

(/usr/share/texlive/texmf-dist/tex/generic/oberdiek/ltxcmds.sty
Package: ltxcmds 2016/05/16 v1.23 LaTeX kernel commands for general use (HO)
)))
(/usr/share/texlive/texmf-dist/tex/latex/oberdiek/kvoptions.sty
Package: kvoptions 2016/05/16 v3.12 Key value format for package options (HO)

(/usr/share/texlive/texmf-dist/tex/generic/oberdiek/kvsetkeys.sty
Package: kvsetkeys 2016/05/16 v1.17 Key value parser (HO)

(/usr/share/texlive/texmf-dist/tex/generic/oberdiek/etexcmds.sty
Package: etexcmds 2016/05/16 v1.6 Avoid name clashes with e-TeX commands (HO)

(/usr/share/texlive/texmf-dist/tex/generic/oberdiek/ifluatex.sty
Package: ifluatex 2016/05/16 v1.4 Provides the ifluatex switch (HO)
Package ifluatex Info: LuaTeX not detected.
)
Package etexcmds Info: Could not find \expanded.
(etexcmds)             That can mean that you are not using pdfTeX 1.50 or
(etexcmds)             that some package has redefined \expanded.
(etexcmds)             In the latter case, load this package earlier.
)))
(/usr/share/texlive/texmf-dist/tex/generic/oberdiek/pdftexcmds.sty
Package: pdftexcmds 2018/01/21 v0.26 Utility functions of pdfTeX for LuaTeX (HO
)

(/usr/share/texlive/texmf-dist/tex/generic/oberdiek/ifpdf.sty
Package: ifpdf 2017/03/15 v3.2 Provides the ifpdf switch
)
Package pdftexcmds Info: LuaTeX not detected.
Package pdftexcmds Info: \pdf@primitive is available.
Package pdftexcmds Info: \pdf@ifprimitive is available.
Package pdftexcmds Info: \pdfdraftmode found.
)
Package epstopdf-base Info: Redefining graphics rule for `.eps' on input line 4
38.
Package grfext Info: Graphics extension search list:
(grfext)             [.pdf,.png,.jpg,.mps,.jpeg,.jbig2,.jb2,.PDF,.PNG,.JPG,.JPE
G,.JBIG2,.JB2,.eps]
(grfext)             \AppendGraphicsExtensions on input line 456.

(/usr/share/texlive/texmf-dist/tex/latex/latexconfig/epstopdf-sys.cfg
File: epstopdf-sys.cfg 2010/07/13 v1.3 Configuration of (r)epstopdf for TeX Liv
e
))
\c@lstlisting=\count101
LaTeX Font Info:    External font `cmex10' loaded for size
(Font)              <12> on input line 16.
LaTeX Font Info:    External font `cmex10' loaded for size
(Font)              <8> on input line 16.
LaTeX Font Info:    External font `cmex10' loaded for size
(Font)              <6> on input line 16.

[1

{/var/lib/texmf/fonts/map/pdftex/updmap/pdftex.map}]
\openout2 = `introduction.aux'.

 (./introduction.tex
[2

]
Underfull \hbox (badness 10000) in paragraph at lines 14--16

 []

<wresnet.png, id=15, 728.7225pt x 305.14pt>
File: wresnet.png Graphic file (type png)
<use wresnet.png>
Package pdftex.def Info: wresnet.png  used on input line 19.
(pdftex.def)             Requested size: 276.00105pt x 115.56793pt.
(/usr/share/texlive/texmf-dist/tex/latex/listings/lstlang1.sty
File: lstlang1.sty 2015/06/04 1.6 listings language file
)
LaTeX Font Info:    Try loading font information for OMS+cmr on input line 31.

(/usr/share/texlive/texmf-dist/tex/latex/base/omscmr.fd
File: omscmr.fd 2014/09/29 v2.5h Standard LaTeX font definitions
)
LaTeX Font Info:    Font shape `OMS/cmr/m/n' in size <8> not available
(Font)              Font shape `OMS/cmsy/m/n' tried instead on input line 31.

Overfull \hbox (6.90779pt too wide) in paragraph at lines 36--37
[][][][][][][][][][][][][][][][][][][][][][][][][] 
 []


Overfull \hbox (6.90779pt too wide) in paragraph at lines 41--42
[][][][][][][][][][][][][][][][][][][][][][][][][] 
 []

LaTeX Font Info:    Try loading font information for OML+cmr on input line 49.
(/usr/share/texlive/texmf-dist/tex/latex/base/omlcmr.fd
File: omlcmr.fd 2014/09/29 v2.5h Standard LaTeX font definitions
)
LaTeX Font Info:    Font shape `OML/cmr/m/n' in size <8> not available
(Font)              Font shape `OML/cmm/m/it' tried instead on input line 49.
 [3 <./wresnet.png (PNG copy)>]
Overfull \hbox (124.21039pt too wide) in paragraph at lines 75--76
[][][][][][][][][][][][][][][][][][][][][][] 
 []

LaTeX Font Info:    External font `cmex10' loaded for size
(Font)              <5> on input line 77.

Overfull \hbox (63.00903pt too wide) in paragraph at lines 94--95
[][][][][][][][][][][][][][][][][][][][][][][][][][] 
 []


Overfull \hbox (63.00903pt too wide) in paragraph at lines 96--97
[][][][][][][][][][][][][][][][][][][][][][][][][] 
 []


Overfull \hbox (63.00903pt too wide) in paragraph at lines 98--99
[][][][][][][][][][][][][][][][][][][][][][][][][][] 
 []


Overfull \hbox (63.00903pt too wide) in paragraph at lines 100--101
[][][][][][][][][][][][][][][][][][][][][][][][][] 
 []


Overfull \hbox (63.00903pt too wide) in paragraph at lines 102--103
[][][][][][][][][][][][][][][][][][][][][][][][][][] 
 []

[4]) [5]
\openout2 = `part2.aux'.

 (./part2.tex
LaTeX Font Info:    External font `cmex10' loaded for size
(Font)              <7> on input line 6.

Overfull \hbox (144.61084pt too wide) in paragraph at lines 16--17
[][][][][][][][][][][][][][][][][][][][][][][][][][][][][][] 
 []


Overfull \hbox (1.80768pt too wide) in paragraph at lines 18--19
[][][][][][][][][][][][][][][] 
 []


Overfull \hbox (47.7087pt too wide) in paragraph at lines 22--23
[][][][][][][][][][][][][][][] 
 []


Overfull \hbox (17.10802pt too wide) in paragraph at lines 26--27
[][][][][][][] 
 []


Overfull \hbox (114.01016pt too wide) in paragraph at lines 27--28
[][][][][][][] 
 []

[6


]
<ban.png, id=34, 696.6025pt x 232.87pt>
File: ban.png Graphic file (type png)
<use ban.png>
Package pdftex.def Info: ban.png  used on input line 39.
(pdftex.def)             Requested size: 345.0pt x 115.32962pt.
LaTeX Font Info:    Font shape `OMS/cmr/m/n' in size <10> not available
(Font)              Font shape `OMS/cmsy/m/n' tried instead on input line 44.
 [7 <./ban.png (PNG copy)>]
Overfull \hbox (88.5096pt too wide) in paragraph at lines 74--75
[][][][][][][][][][][][][][][][][][][][][][][][] 
 []


Overfull \hbox (63.00903pt too wide) in paragraph at lines 79--80
[][][][][][][] 
 []

[8]) [9]
\openout2 = `part3.aux'.

 (./part3.tex
Underfull \hbox (badness 10000) in paragraph at lines 2--4

 []


Overfull \hbox (114.01016pt too wide) in paragraph at lines 26--28
[][][][][][][][][][][][][][][][][][][][][] 
 []


Overfull \hbox (134.41061pt too wide) in paragraph at lines 29--30
[][][][][][][][][][][][][][][][][][][][][][][][][][] 
 []


Underfull \hbox (badness 10000) in paragraph at lines 36--37

 []


Overfull \hbox (88.5096pt too wide) in paragraph at lines 46--47
[][][][][][][][][][][][][][][][][][][][][][][][][][] 
 []


Underfull \hbox (badness 10000) in paragraph at lines 50--56

 []


Overfull \hbox (83.40948pt too wide) in paragraph at lines 58--60
[][][][][][][][][][][][][][][][][][][][][][][][][][] 
 []


Underfull \hbox (badness 10000) in paragraph at lines 62--68

 []

[10


]) [11]
\openout2 = `part4.aux'.

 (./part4.tex
Overfull \hbox (29.41742pt too wide) in paragraph at lines 3--5
\OT1/cmr/m/n/10 The dataset can be found on kag-gle at this url: https://www.ka
ggle.com/fanconic/skin-
 []


Overfull \hbox (22.20813pt too wide) in paragraph at lines 49--50
[][][][][][][][][][][][][][] 
 []


Overfull \hbox (68.10915pt too wide) in paragraph at lines 53--54
[][][][][][][][][][][][][] 
 []

[12


]
Overfull \hbox (195.61197pt too wide) in paragraph at lines 57--58
[][][][][][][] 
 []


Overfull \hbox (6.90779pt too wide) in paragraph at lines 58--59
[][][][][][][][][][][][][][][][][] 
 []


Overfull \hbox (42.60858pt too wide) in paragraph at lines 59--60
[][][][][][][][][][][] 
 []


Overfull \hbox (73.20926pt too wide) in paragraph at lines 61--62
[][][][][][][][][][][] 
 []

[13]) [14]
\openout2 = `bibliography.aux'.

 (./bibliography.tex
Missing character: There is no â in font cmr10!
Missing character: There is no € in font cmr10!
Missing character: There is no ˜ in font cmr10!
Missing character: There is no â in font cmr10!
Missing character: There is no € in font cmr10!
Missing character: There is no ™ in font cmr10!
Missing character: There is no â in font cmr10!
Missing character: There is no € in font cmr10!
Missing character: There is no “ in font cmr10!
Missing character: There is no Ë in font cmr10!
Missing character: There is no ‡ in font cmr10!
) [15


] (./report.aux (./introduction.aux)
(./part2.aux) (./part3.aux) (./part4.aux) (./bibliography.aux))

LaTeX Warning: There were multiply-defined labels.

 ) 
Here is how much of TeX's memory you used:
 3058 strings out of 494923
 43616 string characters out of 6180742
 149258 words of memory out of 5000000
 6321 multiletter control sequences out of 15000+600000
 9198 words of font info for 32 fonts, out of 8000000 for 9000
 14 hyphenation exceptions out of 8191
 41i,8n,42p,620b,1500s stack positions out of 5000i,500n,10000p,200000b,80000s
</usr/share/texlive/texmf-dist/fonts/type1/public/amsfonts/cm/cmbx10.pfb></us
r/share/texlive/texmf-dist/fonts/type1/public/amsfonts/cm/cmbx12.pfb></usr/shar
e/texlive/texmf-dist/fonts/type1/public/amsfonts/cm/cmbx8.pfb></usr/share/texli
ve/texmf-dist/fonts/type1/public/amsfonts/cm/cmcsc10.pfb></usr/share/texlive/te
xmf-dist/fonts/type1/public/amsfonts/cm/cmex10.pfb></usr/share/texlive/texmf-di
st/fonts/type1/public/amsfonts/cm/cmmi10.pfb></usr/share/texlive/texmf-dist/fon
ts/type1/public/amsfonts/cm/cmmi7.pfb></usr/share/texlive/texmf-dist/fonts/type
1/public/amsfonts/cm/cmmi8.pfb></usr/share/texlive/texmf-dist/fonts/type1/publi
c/amsfonts/cm/cmr10.pfb></usr/share/texlive/texmf-dist/fonts/type1/public/amsfo
nts/cm/cmr12.pfb></usr/share/texlive/texmf-dist/fonts/type1/public/amsfonts/cm/
cmr17.pfb></usr/share/texlive/texmf-dist/fonts/type1/public/amsfonts/cm/cmr8.pf
b></usr/share/texlive/texmf-dist/fonts/type1/public/amsfonts/cm/cmsy10.pfb></us
r/share/texlive/texmf-dist/fonts/type1/public/amsfonts/cm/cmsy8.pfb></usr/share
/texlive/texmf-dist/fonts/type1/public/amsfonts/cm/cmti10.pfb></usr/share/texli
ve/texmf-dist/fonts/type1/public/amsfonts/cm/cmti12.pfb>
Output written on report.pdf (15 pages, 288229 bytes).
PDF statistics:
 119 PDF objects out of 1000 (max. 8388607)
 83 compressed objects within 1 object stream
 0 named destinations out of 1000 (max. 500000)
 11 words of extra memory for PDF output out of 10000 (max. 10000000)

